2025-09-23 22:46:20,465 - INFO - ℹ️ Instrument token for NIFTY 50: 256265 at current time 2025-09-23 22:46:20
2025-09-23 22:46:20,468 - INFO - ℹ️ Instrument token for NIFTY 50: 256265 at current time 2025-09-23 22:46:20
2025-09-23 22:46:21,196 - INFO - Harshil Divyakant Khatri tried to execute program at | Current Time: 2025-09-23 22:46:20
2025-09-23 22:46:23,401 - INFO - 🚫 HDK_single_db GCP  | GOD_EMA  | TRADE mode is OFF. Running in SIMULATION mode.
2025-09-23 22:46:23,402 - INFO - ℹ️ HDK_single_db GCP  | GOD_EMA  |  30minute No open position. Waiting for next signal...
2025-09-23 22:46:23,424 - INFO - 🚫 HDK_single_db GCP  | PARALLEL_EMA  | TRADE mode is OFF. Running in SIMULATION mode.
2025-09-23 22:46:23,426 - INFO - ℹ️ HDK_single_db GCP  | PARALLEL_EMA  |  30minute No open position. Waiting for next signal...
2025-09-23 22:46:23,452 - INFO - 🚫 HDK_single_db GCP  | HDSTRATEGY  | TRADE mode is OFF. Running in SIMULATION mode.
2025-09-23 22:46:23,453 - INFO - ℹ️ HDK_single_db GCP  | HDSTRATEGY  |  30minute No open position. Waiting for next signal...
2025-09-23 22:46:36,745 - INFO - ℹ️ Instrument token for NIFTY 50: 256265 at current time 2025-09-23 22:46:36
2025-09-23 22:46:36,746 - INFO - ℹ️ Instrument token for NIFTY 50: 256265 at current time 2025-09-23 22:46:36
2025-09-23 22:46:37,385 - INFO - Harshil Divyakant Khatri tried to execute program at | Current Time: 2025-09-23 22:46:36
2025-09-23 22:46:38,949 - INFO - 🚫 HDK_single_db GCP  | PARALLEL_EMA  | TRADE mode is OFF. Running in SIMULATION mode.
2025-09-23 22:46:38,950 - INFO - ℹ️ HDK_single_db GCP  | PARALLEL_EMA  |  30minute No open position. Waiting for next signal...
2025-09-23 22:46:38,978 - INFO - 🚫 HDK_single_db GCP  | GOD_EMA  | TRADE mode is OFF. Running in SIMULATION mode.
2025-09-23 22:46:38,979 - INFO - ℹ️ HDK_single_db GCP  | GOD_EMA  |  30minute No open position. Waiting for next signal...
2025-09-23 22:46:39,009 - INFO - 🚫 HDK_single_db GCP  | HDSTRATEGY  | TRADE mode is OFF. Running in SIMULATION mode.
2025-09-23 22:46:39,010 - INFO - ℹ️ HDK_single_db GCP  | HDSTRATEGY  |  30minute No open position. Waiting for next signal...
2025-09-23 23:12:10,200 - INFO - ℹ️ Instrument token for NIFTY 50: 256265 at current time 2025-09-23 23:12:10
2025-09-23 23:12:10,203 - INFO - ℹ️ Instrument token for NIFTY 50: 256265 at current time 2025-09-23 23:12:10
2025-09-23 23:12:10,888 - INFO - Harshil Divyakant Khatri tried to execute program at | Current Time: 2025-09-23 23:12:10
2025-09-23 23:12:12,451 - INFO - 🚫 HDK GCP  | GOD_EMA  | TRADE mode is OFF. Running in SIMULATION mode.
2025-09-23 23:12:12,452 - INFO - ℹ️ HDK GCP  | GOD_EMA  |  30minute No open position. Waiting for next signal...
2025-09-23 23:12:12,481 - INFO - 🚫 HDK GCP  | PARALLEL_EMA  | TRADE mode is OFF. Running in SIMULATION mode.
2025-09-23 23:12:12,482 - INFO - ℹ️ HDK GCP  | PARALLEL_EMA  |  30minute No open position. Waiting for next signal...
2025-09-23 23:12:12,495 - INFO - 🚫 HDK GCP  | HDSTRATEGY  | TRADE mode is OFF. Running in SIMULATION mode.
2025-09-23 23:12:12,496 - INFO - ℹ️ HDK GCP  | HDSTRATEGY  |  30minute No open position. Waiting for next signal...
2025-09-24 09:10:09,567 - INFO - ℹ️ Instrument token for NIFTY 50: 256265 at current time 2025-09-24 09:10:09
2025-09-24 09:10:09,570 - INFO - ℹ️ Instrument token for NIFTY 50: 256265 at current time 2025-09-24 09:10:09
2025-09-24 09:10:10,711 - INFO - Harshil Divyakant Khatri tried to execute program at | Current Time: 2025-09-24 09:10:09
2025-09-24 09:10:12,972 - INFO - 🚫 HDK GCP  | HDSTRATEGY  | TRADE mode is OFF. Running in SIMULATION mode.
2025-09-24 09:10:12,973 - INFO - ℹ️ HDK GCP  | HDSTRATEGY  |  30minute No open position. Waiting for next signal...
2025-09-24 09:10:12,998 - INFO - 🚫 HDK GCP  | PARALLEL_EMA  | TRADE mode is OFF. Running in SIMULATION mode.
2025-09-24 09:10:12,999 - INFO - ℹ️ HDK GCP  | PARALLEL_EMA  |  30minute No open position. Waiting for next signal...
2025-09-24 09:10:13,023 - INFO - 🚫 HDK GCP  | GOD_EMA  | TRADE mode is OFF. Running in SIMULATION mode.
2025-09-24 09:10:13,024 - INFO - ℹ️ HDK GCP  | GOD_EMA  |  30minute No open position. Waiting for next signal...
2025-09-24 09:15:13,341 - INFO - HDSTRATEGY | INTERVAL 30minute | Candle time 2025-09-24 09:15 | Close: 25144.25 | Buy: False | Sell: True | Trend: -1 | Current Time: 2025-09-24 09:15:13
2025-09-24 09:15:13,371 - INFO - GOD_EMA | INTERVAL 30minute | Candle time 2025-09-24 09:15 | Close: 25147.1 | Buy: False | Sell: False | Trend: -1 | Current Time: 2025-09-24 09:15:13
2025-09-24 09:15:14,072 - INFO - PARALLEL_EMA | INTERVAL 30minute | Candle time 2025-09-24 09:15 | Close: 25147.1 | Buy: False | Sell: False | Trend: -1 | Current Time: 2025-09-24 09:15:14
2025-09-24 09:15:15,319 - INFO - 30minute | Best option found: ('NIFTY25SEP25400CE', 25400, '2025-09-30', 38.75)
2025-09-24 09:15:15,320 - INFO - 📤 HDK GCP  | HDSTRATEGY  |  30minute Entering SELL: NIFTY25SEP25400CE | Strike: 25400 | Expiry: 2025-09-30 | LTP: ₹38.75
2025-09-24 09:15:15,320 - INFO - order_id : SIMULATED_ORDER | opt_symbol : NIFTY25SEP25400CE avg_price : None | qty : 0
2025-09-24 09:15:15,320 - INFO - 📤 Entering SELL: Selling CE NIFTY25SEP25400CE | Qty: 75
2025-09-24 09:15:17,320 - INFO - Saving open position: NIFTY25SEP25400CE in 30minute interval
2025-09-24 09:15:17,325 - INFO - ✅ Open position saved successfully: NIFTY25SEP25400CE in 30minute interval
2025-09-24 09:30:02,062 - INFO - HDSTRATEGY | INTERVAL 30minute | Candle time 2025-09-24 09:15 | Close: 25098.175000000003 | Buy: False | Sell: True | Trend: -1 | Current Time: 2025-09-24 09:30:02
2025-09-24 09:30:03,716 - INFO - GOD_EMA | INTERVAL 30minute | Candle time 2025-09-24 09:15 | Close: 25072.6 | Buy: False | Sell: False | Trend: -1 | Current Time: 2025-09-24 09:30:03
2025-09-24 09:30:04,418 - INFO - PARALLEL_EMA | INTERVAL 30minute | Candle time 2025-09-24 09:15 | Close: 25072.6 | Buy: False | Sell: False | Trend: -1 | Current Time: 2025-09-24 09:30:04
2025-09-24 10:00:04,110 - INFO - GOD_EMA | INTERVAL 30minute | Candle time 2025-09-24 09:45 | Close: 25089.8 | Buy: False | Sell: False | Trend: -1 | Current Time: 2025-09-24 10:00:04
2025-09-24 10:00:04,783 - INFO - PARALLEL_EMA | INTERVAL 30minute | Candle time 2025-09-24 09:45 | Close: 25089.8 | Buy: False | Sell: True | Trend: -1 | Current Time: 2025-09-24 10:00:04
2025-09-24 10:00:05,792 - INFO - 30minute | Best option found: ('NIFTY25SEP25300CE', 25300, '2025-09-30', 49.2)
2025-09-24 10:00:05,793 - INFO - 📤 HDK GCP  | PARALLEL_EMA  |  30minute Entering SELL: NIFTY25SEP25300CE | Strike: 25300 | Expiry: 2025-09-30 | LTP: ₹49.20
2025-09-24 10:00:05,793 - INFO - order_id : SIMULATED_ORDER | opt_symbol : NIFTY25SEP25300CE avg_price : None | qty : 0
2025-09-24 10:00:05,793 - INFO - 📤 Entering SELL: Selling CE NIFTY25SEP25300CE | Qty: 75
2025-09-24 10:00:05,840 - INFO - HDSTRATEGY | INTERVAL 30minute | Candle time 2025-09-24 09:15 | Close: 25092.1375 | Buy: False | Sell: True | Trend: -1 | Current Time: 2025-09-24 10:00:05
2025-09-24 10:00:07,793 - INFO - Saving open position: NIFTY25SEP25300CE in 30minute interval
2025-09-24 10:00:07,807 - INFO - ✅ Open position saved successfully: NIFTY25SEP25300CE in 30minute interval
2025-09-24 10:30:04,627 - INFO - PARALLEL_EMA | INTERVAL 30minute | Candle time 2025-09-24 09:45 | Close: 25094.7 | Buy: False | Sell: True | Trend: -1 | Current Time: 2025-09-24 10:30:04
2025-09-24 10:30:04,628 - INFO - GOD_EMA | INTERVAL 30minute | Candle time 2025-09-24 10:15 | Close: 25096.85 | Buy: False | Sell: False | Trend: -1 | Current Time: 2025-09-24 10:30:04
2025-09-24 10:30:05,014 - INFO - HDSTRATEGY | INTERVAL 30minute | Candle time 2025-09-24 10:15 | Close: 25099.137499999997 | Buy: False | Sell: False | Trend: -1 | Current Time: 2025-09-24 10:30:05
2025-09-24 11:00:03,301 - INFO - PARALLEL_EMA | INTERVAL 30minute | Candle time 2025-09-24 10:45 | Close: 25076.5 | Buy: False | Sell: False | Trend: -1 | Current Time: 2025-09-24 11:00:03
2025-09-24 11:00:04,787 - INFO - HDSTRATEGY | INTERVAL 30minute | Candle time 2025-09-24 10:45 | Close: 25074.25 | Buy: False | Sell: False | Trend: -1 | Current Time: 2025-09-24 11:00:04
2025-09-24 11:00:05,030 - INFO - GOD_EMA | INTERVAL 30minute | Candle time 2025-09-24 10:45 | Close: 25076.5 | Buy: False | Sell: False | Trend: -1 | Current Time: 2025-09-24 11:00:05
2025-09-24 11:03:08,951 - INFO - 📥INTERVAL 30minute | Target Exit: Buying back NIFTY25SEP25400CE | Qty: 75
2025-09-24 11:03:08,952 - INFO - order_id : SIMULATED_ORDER | opt_symbol : NIFTY25SEP25400CE avg_price : None | qty : 0
2025-09-24 11:03:08,952 - INFO - 📥 Target Exit: Buying back NIFTY25SEP25400CE | Qty: 75
2025-09-24 11:03:08,956 - INFO - ✅ Recording trade: {'Signal': 'SELL', 'SpotEntry': np.float64(25144.25), 'OptionSymbol': 'NIFTY25SEP25400CE', 'Strike': 25400, 'Expiry': '2025-09-30', 'OptionSellPrice': 38.75, 'EntryTime': '2025-09-24 09:15', 'qty': 75, 'interval': '30minute', 'real_trade': 'no', 'EntryReason': 'SIGNAL_GENERATED', 'ExpiryType': 'NEXT_WEEK', 'Strategy': 'HDSTRATEGY', 'SpotExit': np.float64(25074.25), 'ExitTime': '2025-09-24 10:45', 'OptionBuyPrice': 23.25, 'PnL': 15.5, 'ExitReason': 'TARGET_HIT'}
2025-09-24 11:03:09,015 - INFO - 📊 Trade recorded in DB.
2025-09-24 11:03:09,016 - INFO - Deleting open position for NIFTY25SEP25400CE in 30minute interval
2025-09-24 11:03:09,021 - INFO - ✅ Open position for NIFTY25SEP25400CE deleted successfully in 30minute interval
2025-09-24 11:03:09,623 - INFO - 🔴 HDK GCP  | HDSTRATEGY  |  30minute Target triggered for NIFTY25SEP25400CE at ₹23.25
2025-09-24 11:03:11,359 - INFO - 30minute | Best option found: ('NIFTY25SEP25300CE', 25300, '2025-09-30', 40.25)
2025-09-24 11:03:11,360 - INFO - 🔁INTERVAL 30minute | Reentry: SELL at NIFTY25SEP25300CE | Strike: 25300 | Expiry: 2025-09-30 | LTP: ₹40.25
2025-09-24 11:03:11,360 - INFO - order_id : SIMULATED_ORDER | opt_symbol : NIFTY25SEP25300CE avg_price : None | qty : 0
2025-09-24 11:03:11,360 - INFO - 🔁INTERVAL 30minute | Reentry: Selling NIFTY25SEP25300CE | Qty: 75
2025-09-24 11:03:13,360 - INFO - Saving open position: NIFTY25SEP25300CE in 30minute interval
2025-09-24 11:03:13,367 - INFO - ✅ Open position saved successfully: NIFTY25SEP25300CE in 30minute interval
2025-09-24 11:30:00,628 - INFO - GOD_EMA | INTERVAL 30minute | Candle time 2025-09-24 11:15 | Close: 25063.45 | Buy: False | Sell: False | Trend: -1 | Current Time: 2025-09-24 11:30:00
2025-09-24 11:30:04,222 - INFO - HDSTRATEGY | INTERVAL 30minute | Candle time 2025-09-24 11:15 | Close: 25058.2375 | Buy: False | Sell: False | Trend: -1 | Current Time: 2025-09-24 11:30:04
2025-09-24 11:30:04,636 - INFO - PARALLEL_EMA | INTERVAL 30minute | Candle time 2025-09-24 11:15 | Close: 25063.45 | Buy: False | Sell: False | Trend: -1 | Current Time: 2025-09-24 11:30:04
2025-09-24 12:00:01,141 - INFO - PARALLEL_EMA | INTERVAL 30minute | Candle time 2025-09-24 11:45 | Close: 25075.15 | Buy: False | Sell: False | Trend: -1 | Current Time: 2025-09-24 12:00:01
2025-09-24 12:00:01,144 - INFO - GOD_EMA | INTERVAL 30minute | Candle time 2025-09-24 11:45 | Close: 25075.15 | Buy: False | Sell: False | Trend: -1 | Current Time: 2025-09-24 12:00:01
2025-09-24 12:00:03,599 - INFO - HDSTRATEGY | INTERVAL 30minute | Candle time 2025-09-24 11:45 | Close: 25073.0875 | Buy: False | Sell: False | Trend: -1 | Current Time: 2025-09-24 12:00:03
2025-09-24 12:30:01,562 - INFO - GOD_EMA | INTERVAL 30minute | Candle time 2025-09-24 12:15 | Close: 25098.35 | Buy: False | Sell: False | Trend: -1 | Current Time: 2025-09-24 12:30:01
2025-09-24 12:30:01,582 - INFO - HDSTRATEGY | INTERVAL 30minute | Candle time 2025-09-24 12:15 | Close: 25096.300000000003 | Buy: False | Sell: False | Trend: -1 | Current Time: 2025-09-24 12:30:01
2025-09-24 12:30:02,353 - INFO - PARALLEL_EMA | INTERVAL 30minute | Candle time 2025-09-24 12:15 | Close: 25098.35 | Buy: False | Sell: False | Trend: -1 | Current Time: 2025-09-24 12:30:02
2025-09-24 13:00:02,183 - INFO - GOD_EMA | INTERVAL 30minute | Candle time 2025-09-24 12:45 | Close: 25110.65 | Buy: False | Sell: False | Trend: -1 | Current Time: 2025-09-24 13:00:02
2025-09-24 13:00:03,645 - INFO - PARALLEL_EMA | INTERVAL 30minute | Candle time 2025-09-24 12:45 | Close: 25110.65 | Buy: False | Sell: False | Trend: -1 | Current Time: 2025-09-24 13:00:03
2025-09-24 13:00:03,884 - INFO - HDSTRATEGY | INTERVAL 30minute | Candle time 2025-09-24 12:45 | Close: 25100.1625 | Buy: True | Sell: False | Trend: 1 | Current Time: 2025-09-24 13:00:03
2025-09-24 13:00:04,270 - INFO - 📥INTERVAL 30minute | Exiting SELL: Buying back NIFTY25SEP25300CE | Qty: 75
2025-09-24 13:00:04,271 - INFO - order_id : SIMULATED_ORDER | opt_symbol : NIFTY25SEP25300CE avg_price : None | qty : 0
2025-09-24 13:00:05,306 - INFO - 📥INTERVAL 30minute | Exiting SELL: Buying back NIFTY25SEP25300CE | Qty: 75
2025-09-24 13:00:05,308 - INFO - ✅ Recording trade: {'Signal': 'SELL', 'SpotEntry': np.float64(25074.25), 'OptionSymbol': 'NIFTY25SEP25300CE', 'Strike': 25300, 'Expiry': '2025-09-30', 'OptionSellPrice': 40.25, 'EntryTime': '2025-09-24 10:45', 'qty': 75, 'interval': '30minute', 'real_trade': 'no', 'EntryReason': 'ROLLOVER', 'ExpiryType': 'NEXT_WEEK', 'Strategy': 'HDSTRATEGY', 'SpotExit': np.float64(25100.1625), 'ExitTime': '2025-09-24 12:45', 'OptionBuyPrice': 49, 'PnL': -8.75, 'ExitReason': 'SIGNAL_GENERATED'}
2025-09-24 13:00:05,345 - INFO - 📊 Trade recorded in DB.
2025-09-24 13:00:05,345 - INFO - Deleting open position for NIFTY25SEP25300CE in 30minute interval
2025-09-24 13:00:05,354 - INFO - ✅ Open position for NIFTY25SEP25300CE deleted successfully in 30minute interval
2025-09-24 13:00:06,635 - INFO - 30minute | Best option found: ('NIFTY25SEP25000PE', 25000, '2025-09-30', 50.65)
2025-09-24 13:00:06,635 - INFO - 📤INTERVAL 30minute | HDK GCP  | HDSTRATEGY  |  30minute Entering BUY: NIFTY25SEP25000PE | Strike: 25000 | Expiry: 2025-09-30 | LTP: ₹50.65
2025-09-24 13:00:06,636 - INFO - order_id : SIMULATED_ORDER | opt_symbol : NIFTY25SEP25000PE avg_price : None | qty : 0
2025-09-24 13:00:06,636 - INFO - 📤INTERVAL 30minute | Entering BUY: Selling PE NIFTY25SEP25000PE | Qty: 75
2025-09-24 13:00:08,636 - INFO - 📤INTERVAL 30minute | Avg price for NIFTY25SEP25000PE: ₹50.65 | Qty: 75
2025-09-24 13:00:08,636 - INFO - Saving open position: NIFTY25SEP25000PE in 30minute interval
2025-09-24 13:00:08,644 - INFO - ✅ Open position saved successfully: NIFTY25SEP25000PE in 30minute interval
2025-09-24 13:30:01,889 - INFO - HDSTRATEGY | INTERVAL 30minute | Candle time 2025-09-24 12:45 | Close: 25110.137499999997 | Buy: True | Sell: False | Trend: 1 | Current Time: 2025-09-24 13:30:01
2025-09-24 13:30:02,564 - INFO - GOD_EMA | INTERVAL 30minute | Candle time 2025-09-24 13:15 | Close: 25134.25 | Buy: False | Sell: False | Trend: -1 | Current Time: 2025-09-24 13:30:02
2025-09-24 13:30:05,286 - INFO - PARALLEL_EMA | INTERVAL 30minute | Candle time 2025-09-24 13:15 | Close: 25134.25 | Buy: False | Sell: False | Trend: -1 | Current Time: 2025-09-24 13:30:05
2025-09-24 14:00:03,051 - INFO - GOD_EMA | INTERVAL 30minute | Candle time 2025-09-24 13:45 | Close: 25115.75 | Buy: False | Sell: False | Trend: -1 | Current Time: 2025-09-24 14:00:03
2025-09-24 14:00:03,306 - INFO - HDSTRATEGY | INTERVAL 30minute | Candle time 2025-09-24 13:45 | Close: 25123.025 | Buy: False | Sell: False | Trend: 1 | Current Time: 2025-09-24 14:00:03
2025-09-24 14:00:05,374 - INFO - PARALLEL_EMA | INTERVAL 30minute | Candle time 2025-09-24 13:45 | Close: 25115.75 | Buy: False | Sell: False | Trend: -1 | Current Time: 2025-09-24 14:00:05
2025-09-24 14:30:02,167 - INFO - HDSTRATEGY | INTERVAL 30minute | Candle time 2025-09-24 14:15 | Close: 25097.5625 | Buy: False | Sell: False | Trend: 1 | Current Time: 2025-09-24 14:30:02
2025-09-24 14:30:03,440 - INFO - GOD_EMA | INTERVAL 30minute | Candle time 2025-09-24 14:15 | Close: 25088.55 | Buy: False | Sell: False | Trend: -1 | Current Time: 2025-09-24 14:30:03
2025-09-24 14:30:04,294 - INFO - PARALLEL_EMA | INTERVAL 30minute | Candle time 2025-09-24 14:15 | Close: 25088.55 | Buy: False | Sell: True | Trend: -1 | Current Time: 2025-09-24 14:30:04
2025-09-24 15:00:01,397 - INFO - PARALLEL_EMA | INTERVAL 30minute | Candle time 2025-09-24 14:15 | Close: 25065.45 | Buy: False | Sell: True | Trend: -1 | Current Time: 2025-09-24 15:00:01
2025-09-24 15:00:03,813 - INFO - GOD_EMA | INTERVAL 30minute | Candle time 2025-09-24 14:45 | Close: 25041.1 | Buy: False | Sell: False | Trend: -1 | Current Time: 2025-09-24 15:00:03
2025-09-24 15:00:05,306 - INFO - HDSTRATEGY | INTERVAL 30minute | Candle time 2025-09-24 14:45 | Close: 25055.0 | Buy: False | Sell: False | Trend: 1 | Current Time: 2025-09-24 15:00:05
2025-09-25 09:10:09,834 - INFO - ℹ️ Instrument token for NIFTY 50: 256265 at current time 2025-09-25 09:10:09
2025-09-25 09:10:09,838 - INFO - ℹ️ Instrument token for NIFTY 50: 256265 at current time 2025-09-25 09:10:09
2025-09-25 09:10:11,882 - INFO - Harshil Divyakant Khatri tried to execute program at | Current Time: 2025-09-25 09:10:09
2025-09-25 09:10:13,438 - INFO - 🚫 HDK GCP  | HDSTRATEGY  | TRADE mode is OFF. Running in SIMULATION mode.
2025-09-25 09:10:13,469 - INFO - 🚫 HDK GCP  | GOD_EMA  | TRADE mode is OFF. Running in SIMULATION mode.
2025-09-25 09:10:13,471 - INFO - ℹ️ HDK GCP  | GOD_EMA  |  30minute No open position. Waiting for next signal...
2025-09-25 09:10:13,489 - INFO - 🚫 HDK GCP  | PARALLEL_EMA  | TRADE mode is OFF. Running in SIMULATION mode.
2025-09-25 09:10:13,836 - WARNING - ❌ Broker qty 0 for NIFTY25SEP25000PE is less than DB qty 75 — treating as closed.
2025-09-25 09:10:13,837 - INFO - 📌 HDK GCP  | HDSTRATEGY  |  30minute Resumed open position: BUY | NIFTY25SEP25000PE @ ₹50.65 | Qty: 0
2025-09-25 09:10:14,502 - WARNING - ❌ Broker qty 0 for NIFTY25SEP25300CE is less than DB qty 75 — treating as closed.
2025-09-25 09:10:14,503 - INFO - 📌 HDK GCP  | PARALLEL_EMA  |  30minute Resumed open position: SELL | NIFTY25SEP25300CE @ ₹49.2 | Qty: 0
2025-09-25 09:15:13,899 - INFO - GOD_EMA | INTERVAL 30minute | Candle time 2025-09-25 09:15 | Close: 25020.3 | Buy: False | Sell: False | Trend: -1 | Current Time: 2025-09-25 09:15:13
2025-09-25 09:15:15,459 - INFO - HDSTRATEGY | INTERVAL 30minute | Candle time 2025-09-25 09:15 | Close: 25032.6875 | Buy: False | Sell: True | Trend: -1 | Current Time: 2025-09-25 09:15:15
2025-09-25 09:15:15,518 - INFO - PARALLEL_EMA | INTERVAL 30minute | Candle time 2025-09-25 09:15 | Close: 25020.3 | Buy: False | Sell: False | Trend: -1 | Current Time: 2025-09-25 09:15:15
2025-09-25 09:15:15,853 - INFO - 📥INTERVAL 30minute | Exiting BUY: Buying back NIFTY25SEP25000PE | Qty: 0
2025-09-25 09:15:15,854 - INFO - order_id : SIMULATED_ORDER | opt_symbol : NIFTY25SEP25000PE avg_price : None | qty : 0
2025-09-25 09:15:15,854 - INFO - 📥INTERVAL 30minute | Exiting BUY: Buying back NIFTY25SEP25000PE | Qty: 0
2025-09-25 09:15:16,155 - INFO - ✅ Recording trade: {'Signal': 'BUY', 'SpotEntry': 25100.1625, 'OptionSymbol': 'NIFTY25SEP25000PE', 'Strike': 25000, 'Expiry': '2025-09-30', 'OptionSellPrice': 50.65, 'EntryTime': '2025-09-24 12:45', 'qty': 75, 'Interval': '30minute', 'RealTrade': 'no', 'EntryReason': 'SIGNAL_GENERATED', 'ExpiryType': 'NEXT_WEEK', 'Strategy': 'HDSTRATEGY', 'SpotExit': np.float64(25032.6875), 'ExitTime': '2025-09-25 09:15', 'OptionBuyPrice': 69.7, 'PnL': -19.050000000000004, 'ExitReason': 'SIGNAL_GENERATED'}
2025-09-25 09:15:16,161 - INFO - 📊 Trade recorded in DB.
2025-09-25 09:15:16,161 - INFO - Deleting open position for NIFTY25SEP25000PE in 30minute interval
2025-09-25 09:15:16,166 - INFO - ✅ Open position for NIFTY25SEP25000PE deleted successfully in 30minute interval
2025-09-25 09:15:16,308 - INFO - 📥INTERVAL 30minute | Target Exit: Buying back NIFTY25SEP25300CE | Qty: 0
2025-09-25 09:15:16,308 - INFO - order_id : SIMULATED_ORDER | opt_symbol : NIFTY25SEP25300CE avg_price : None | qty : 0
2025-09-25 09:15:16,309 - INFO - 📥 Target Exit: Buying back NIFTY25SEP25300CE | Qty: 0
2025-09-25 09:15:16,309 - INFO - ✅ Recording trade: {'Signal': 'SELL', 'SpotEntry': 25089.8, 'OptionSymbol': 'NIFTY25SEP25300CE', 'Strike': 25300, 'Expiry': '2025-09-30', 'OptionSellPrice': 49.2, 'EntryTime': '2025-09-24 09:45', 'qty': 75, 'Interval': '30minute', 'RealTrade': 'no', 'EntryReason': 'SIGNAL_GENERATED', 'ExpiryType': 'NEXT_WEEK', 'Strategy': 'PARALLEL_EMA', 'SpotExit': np.float64(25020.3), 'ExitTime': '2025-09-25 09:15', 'OptionBuyPrice': 25.55, 'PnL': 23.650000000000002, 'ExitReason': 'TARGET_HIT'}
2025-09-25 09:15:16,313 - INFO - 📊 Trade recorded in DB.
2025-09-25 09:15:16,314 - INFO - Deleting open position for NIFTY25SEP25300CE in 30minute interval
2025-09-25 09:15:16,318 - INFO - ✅ Open position for NIFTY25SEP25300CE deleted successfully in 30minute interval
2025-09-25 09:15:16,906 - INFO - 🔴 HDK GCP  | PARALLEL_EMA  |  30minute Target triggered for NIFTY25SEP25300CE at ₹25.55
2025-09-25 09:15:18,058 - INFO - 30minute | Best option found: ('NIFTY25SEP25200CE', 25200, '2025-09-30', 46.2)
2025-09-25 09:15:18,058 - INFO - 🔁INTERVAL 30minute | Reentry: SELL at NIFTY25SEP25200CE | Strike: 25200 | Expiry: 2025-09-30 | LTP: ₹46.20
2025-09-25 09:15:18,058 - INFO - order_id : SIMULATED_ORDER | opt_symbol : NIFTY25SEP25200CE avg_price : None | qty : 0
2025-09-25 09:15:18,059 - INFO - 🔁INTERVAL 30minute | Reentry: Selling NIFTY25SEP25200CE | Qty: 75
2025-09-25 09:15:18,555 - INFO - 30minute | Best option found: ('NIFTY25SEP25200CE', 25200, '2025-09-30', 45.7)
2025-09-25 09:15:18,556 - INFO - 📤 HDK GCP  | HDSTRATEGY  |  30minute Entering SELL: NIFTY25SEP25200CE | Strike: 25200 | Expiry: 2025-09-30 | LTP: ₹45.70
2025-09-25 09:15:18,556 - INFO - order_id : SIMULATED_ORDER | opt_symbol : NIFTY25SEP25200CE avg_price : None | qty : 0
2025-09-25 09:15:18,556 - INFO - 📤 Entering SELL: Selling CE NIFTY25SEP25200CE | Qty: 75
2025-09-25 09:15:20,059 - INFO - Saving open position: NIFTY25SEP25200CE in 30minute interval
2025-09-25 09:15:20,063 - INFO - ✅ Open position saved successfully: NIFTY25SEP25200CE in 30minute interval
2025-09-25 09:15:20,556 - INFO - Saving open position: NIFTY25SEP25200CE in 30minute interval
2025-09-25 09:15:20,561 - INFO - ✅ Open position saved successfully: NIFTY25SEP25200CE in 30minute interval
2025-09-25 09:30:01,402 - INFO - HDSTRATEGY | INTERVAL 30minute | Candle time 2025-09-25 09:15 | Close: 25047.600000000002 | Buy: False | Sell: False | Trend: 1 | Current Time: 2025-09-25 09:30:01
2025-09-25 09:30:04,265 - INFO - PARALLEL_EMA | INTERVAL 30minute | Candle time 2025-09-25 09:15 | Close: 25059.3 | Buy: False | Sell: False | Trend: -1 | Current Time: 2025-09-25 09:30:04
2025-09-25 09:30:04,385 - INFO - GOD_EMA | INTERVAL 30minute | Candle time 2025-09-25 09:15 | Close: 25059.3 | Buy: False | Sell: False | Trend: -1 | Current Time: 2025-09-25 09:30:04
2025-09-25 10:00:02,646 - INFO - PARALLEL_EMA | INTERVAL 30minute | Candle time 2025-09-25 09:45 | Close: 25055.7 | Buy: False | Sell: False | Trend: -1 | Current Time: 2025-09-25 10:00:02
2025-09-25 10:00:04,858 - INFO - GOD_EMA | INTERVAL 30minute | Candle time 2025-09-25 09:45 | Close: 25055.7 | Buy: False | Sell: False | Trend: -1 | Current Time: 2025-09-25 10:00:04
2025-09-25 10:00:05,534 - INFO - HDSTRATEGY | INTERVAL 30minute | Candle time 2025-09-25 09:45 | Close: 25049.7875 | Buy: False | Sell: False | Trend: 1 | Current Time: 2025-09-25 10:00:05
2025-09-25 10:30:02,990 - INFO - PARALLEL_EMA | INTERVAL 30minute | Candle time 2025-09-25 10:15 | Close: 25043.5 | Buy: False | Sell: False | Trend: -1 | Current Time: 2025-09-25 10:30:02
2025-09-25 10:30:04,350 - INFO - HDSTRATEGY | INTERVAL 30minute | Candle time 2025-09-25 10:15 | Close: 25038.7125 | Buy: False | Sell: False | Trend: 1 | Current Time: 2025-09-25 10:30:04
2025-09-25 10:30:05,252 - INFO - GOD_EMA | INTERVAL 30minute | Candle time 2025-09-25 10:15 | Close: 25043.5 | Buy: False | Sell: False | Trend: -1 | Current Time: 2025-09-25 10:30:05
2025-09-25 11:00:00,868 - INFO - GOD_EMA | INTERVAL 30minute | Candle time 2025-09-25 10:45 | Close: 25009.2 | Buy: False | Sell: False | Trend: -1 | Current Time: 2025-09-25 11:00:00
2025-09-25 11:00:00,998 - INFO - PARALLEL_EMA | INTERVAL 30minute | Candle time 2025-09-25 10:45 | Close: 25009.2 | Buy: False | Sell: False | Trend: -1 | Current Time: 2025-09-25 11:00:00
2025-09-25 11:00:05,792 - INFO - HDSTRATEGY | INTERVAL 30minute | Candle time 2025-09-25 10:45 | Close: 25008.75 | Buy: False | Sell: False | Trend: 1 | Current Time: 2025-09-25 11:00:05
2025-09-25 11:30:02,575 - INFO - GOD_EMA | INTERVAL 30minute | Candle time 2025-09-25 11:15 | Close: 25030.25 | Buy: False | Sell: False | Trend: -1 | Current Time: 2025-09-25 11:30:02
2025-09-25 11:30:02,802 - INFO - HDSTRATEGY | INTERVAL 30minute | Candle time 2025-09-25 11:15 | Close: 25029.475 | Buy: False | Sell: False | Trend: 1 | Current Time: 2025-09-25 11:30:02
2025-09-25 11:30:05,672 - INFO - PARALLEL_EMA | INTERVAL 30minute | Candle time 2025-09-25 11:15 | Close: 25030.25 | Buy: False | Sell: False | Trend: -1 | Current Time: 2025-09-25 11:30:05
2025-09-25 12:00:02,056 - INFO - PARALLEL_EMA | INTERVAL 30minute | Candle time 2025-09-25 11:45 | Close: 24983.9 | Buy: False | Sell: False | Trend: -1 | Current Time: 2025-09-25 12:00:02
2025-09-25 12:00:06,331 - INFO - GOD_EMA | INTERVAL 30minute | Candle time 2025-09-25 11:45 | Close: 24983.9 | Buy: False | Sell: False | Trend: -1 | Current Time: 2025-09-25 12:00:06
2025-09-25 12:00:06,560 - INFO - HDSTRATEGY | INTERVAL 30minute | Candle time 2025-09-25 11:45 | Close: 24986.612500000003 | Buy: False | Sell: True | Trend: -1 | Current Time: 2025-09-25 12:00:06
2025-09-25 12:30:04,349 - INFO - PARALLEL_EMA | INTERVAL 30minute | Candle time 2025-09-25 12:15 | Close: 24983.4 | Buy: False | Sell: False | Trend: -1 | Current Time: 2025-09-25 12:30:04
2025-09-25 12:30:05,082 - INFO - HDSTRATEGY | INTERVAL 30minute | Candle time 2025-09-25 11:45 | Close: 24983.775 | Buy: False | Sell: True | Trend: -1 | Current Time: 2025-09-25 12:30:05
2025-09-25 12:30:05,084 - INFO - GOD_EMA | INTERVAL 30minute | Candle time 2025-09-25 12:15 | Close: 24983.4 | Buy: False | Sell: False | Trend: -1 | Current Time: 2025-09-25 12:30:05
2025-09-25 13:00:00,929 - INFO - HDSTRATEGY | INTERVAL 30minute | Candle time 2025-09-25 12:45 | Close: 24973.5 | Buy: False | Sell: False | Trend: -1 | Current Time: 2025-09-25 13:00:00
2025-09-25 13:00:00,954 - INFO - GOD_EMA | INTERVAL 30minute | Candle time 2025-09-25 12:45 | Close: 24984.15 | Buy: False | Sell: False | Trend: -1 | Current Time: 2025-09-25 13:00:00
2025-09-25 13:00:05,236 - INFO - PARALLEL_EMA | INTERVAL 30minute | Candle time 2025-09-25 12:45 | Close: 24984.15 | Buy: False | Sell: False | Trend: -1 | Current Time: 2025-09-25 13:00:05
2025-09-25 13:30:01,863 - INFO - GOD_EMA | INTERVAL 30minute | Candle time 2025-09-25 13:15 | Close: 24977.45 | Buy: False | Sell: False | Trend: -1 | Current Time: 2025-09-25 13:30:01
2025-09-25 13:30:02,645 - INFO - HDSTRATEGY | INTERVAL 30minute | Candle time 2025-09-25 13:15 | Close: 24982.825 | Buy: False | Sell: False | Trend: -1 | Current Time: 2025-09-25 13:30:02
2025-09-25 13:30:05,702 - INFO - PARALLEL_EMA | INTERVAL 30minute | Candle time 2025-09-25 13:15 | Close: 24977.45 | Buy: False | Sell: False | Trend: -1 | Current Time: 2025-09-25 13:30:05
2025-09-25 14:00:01,064 - INFO - PARALLEL_EMA | INTERVAL 30minute | Candle time 2025-09-25 13:45 | Close: 24979.15 | Buy: False | Sell: False | Trend: -1 | Current Time: 2025-09-25 14:00:01
2025-09-25 14:00:01,468 - INFO - HDSTRATEGY | INTERVAL 30minute | Candle time 2025-09-25 13:45 | Close: 24987.549999999996 | Buy: False | Sell: False | Trend: -1 | Current Time: 2025-09-25 14:00:01
2025-09-25 14:00:02,353 - INFO - GOD_EMA | INTERVAL 30minute | Candle time 2025-09-25 13:45 | Close: 24979.15 | Buy: False | Sell: False | Trend: -1 | Current Time: 2025-09-25 14:00:02
2025-09-25 14:30:01,190 - INFO - PARALLEL_EMA | INTERVAL 30minute | Candle time 2025-09-25 14:15 | Close: 24956.7 | Buy: False | Sell: False | Trend: -1 | Current Time: 2025-09-25 14:30:01
2025-09-25 14:30:02,678 - INFO - HDSTRATEGY | INTERVAL 30minute | Candle time 2025-09-25 14:15 | Close: 24965.35 | Buy: False | Sell: False | Trend: -1 | Current Time: 2025-09-25 14:30:02
2025-09-25 14:30:02,747 - INFO - GOD_EMA | INTERVAL 30minute | Candle time 2025-09-25 14:15 | Close: 24956.7 | Buy: False | Sell: False | Trend: -1 | Current Time: 2025-09-25 14:30:02
2025-09-25 15:00:01,457 - INFO - PARALLEL_EMA | INTERVAL 30minute | Candle time 2025-09-25 14:45 | Close: 24924.35 | Buy: False | Sell: False | Trend: -1 | Current Time: 2025-09-25 15:00:01
2025-09-25 15:00:03,859 - INFO - GOD_EMA | INTERVAL 30minute | Candle time 2025-09-25 14:45 | Close: 24924.35 | Buy: False | Sell: False | Trend: -1 | Current Time: 2025-09-25 15:00:03
2025-09-25 15:00:05,010 - INFO - HDSTRATEGY | INTERVAL 30minute | Candle time 2025-09-25 14:15 | Close: 24957.0625 | Buy: False | Sell: True | Trend: -1 | Current Time: 2025-09-25 15:00:05
2025-09-25 15:02:07,122 - INFO - 📥INTERVAL 30minute | Target Exit: Buying back NIFTY25SEP25200CE | Qty: 75
2025-09-25 15:02:07,152 - INFO - order_id : SIMULATED_ORDER | opt_symbol : NIFTY25SEP25200CE avg_price : None | qty : 0
2025-09-25 15:02:07,153 - INFO - 📥 Target Exit: Buying back NIFTY25SEP25200CE | Qty: 75
2025-09-25 15:02:07,153 - INFO - ✅ Recording trade: {'Signal': 'SELL', 'SpotEntry': np.float64(25020.3), 'OptionSymbol': 'NIFTY25SEP25200CE', 'Strike': 25200, 'Expiry': '2025-09-30', 'OptionSellPrice': 46.2, 'EntryTime': '2025-09-25 09:15', 'qty': 75, 'interval': '30minute', 'real_trade': 'no', 'EntryReason': 'ROLLOVER', 'ExpiryType': 'NEXT_WEEK', 'Strategy': 'PARALLEL_EMA', 'SpotExit': np.float64(24924.35), 'ExitTime': '2025-09-25 14:45', 'OptionBuyPrice': 27.6, 'PnL': 18.6, 'ExitReason': 'TARGET_HIT'}
2025-09-25 15:02:07,176 - INFO - 📊 Trade recorded in DB.
2025-09-25 15:02:07,176 - INFO - Deleting open position for NIFTY25SEP25200CE in 30minute interval
2025-09-25 15:02:07,180 - INFO - ✅ Open position for NIFTY25SEP25200CE deleted successfully in 30minute interval
2025-09-25 15:02:07,768 - INFO - 🔴 HDK GCP  | PARALLEL_EMA  |  30minute Target triggered for NIFTY25SEP25200CE at ₹27.60
2025-09-25 15:02:08,742 - INFO - 30minute | Best option found: ('NIFTY25SEP25100CE', 25100, '2025-09-30', 47.6)
2025-09-25 15:02:08,742 - INFO - 🔁INTERVAL 30minute | Reentry: SELL at NIFTY25SEP25100CE | Strike: 25100 | Expiry: 2025-09-30 | LTP: ₹47.60
2025-09-25 15:02:08,742 - INFO - order_id : SIMULATED_ORDER | opt_symbol : NIFTY25SEP25100CE avg_price : None | qty : 0
2025-09-25 15:02:08,742 - INFO - 🔁INTERVAL 30minute | Reentry: Selling NIFTY25SEP25100CE | Qty: 75
2025-09-25 15:02:10,631 - INFO - 📥INTERVAL 30minute | Target Exit: Buying back NIFTY25SEP25200CE | Qty: 75
2025-09-25 15:02:10,631 - INFO - order_id : SIMULATED_ORDER | opt_symbol : NIFTY25SEP25200CE avg_price : None | qty : 0
2025-09-25 15:02:10,632 - INFO - 📥 Target Exit: Buying back NIFTY25SEP25200CE | Qty: 75
2025-09-25 15:02:10,632 - INFO - ✅ Recording trade: {'Signal': 'SELL', 'SpotEntry': np.float64(25032.6875), 'OptionSymbol': 'NIFTY25SEP25200CE', 'Strike': 25200, 'Expiry': '2025-09-30', 'OptionSellPrice': 45.7, 'EntryTime': '2025-09-25 09:15', 'qty': 75, 'interval': '30minute', 'real_trade': 'no', 'EntryReason': 'SIGNAL_GENERATED', 'ExpiryType': 'NEXT_WEEK', 'Strategy': 'HDSTRATEGY', 'SpotExit': np.float64(24957.0625), 'ExitTime': '2025-09-25 14:15', 'OptionBuyPrice': 27.3, 'PnL': 18.400000000000002, 'ExitReason': 'TARGET_HIT'}
2025-09-25 15:02:10,636 - INFO - 📊 Trade recorded in DB.
2025-09-25 15:02:10,636 - INFO - Deleting open position for NIFTY25SEP25200CE in 30minute interval
2025-09-25 15:02:10,640 - INFO - ✅ Open position for NIFTY25SEP25200CE deleted successfully in 30minute interval
2025-09-25 15:02:10,743 - INFO - Saving open position: NIFTY25SEP25100CE in 30minute interval
2025-09-25 15:02:10,747 - INFO - ✅ Open position saved successfully: NIFTY25SEP25100CE in 30minute interval
2025-09-25 15:02:11,223 - INFO - 🔴 HDK GCP  | HDSTRATEGY  |  30minute Target triggered for NIFTY25SEP25200CE at ₹27.30
2025-09-25 15:02:11,900 - INFO - 30minute | Best option found: ('NIFTY25SEP25100CE', 25100, '2025-09-30', 47.1)
2025-09-25 15:02:11,900 - INFO - 🔁INTERVAL 30minute | Reentry: SELL at NIFTY25SEP25100CE | Strike: 25100 | Expiry: 2025-09-30 | LTP: ₹47.10
2025-09-25 15:02:11,900 - INFO - order_id : SIMULATED_ORDER | opt_symbol : NIFTY25SEP25100CE avg_price : None | qty : 0
2025-09-25 15:02:11,900 - INFO - 🔁INTERVAL 30minute | Reentry: Selling NIFTY25SEP25100CE | Qty: 75
2025-09-25 15:02:13,901 - INFO - Saving open position: NIFTY25SEP25100CE in 30minute interval
2025-09-25 15:02:13,905 - INFO - ✅ Open position saved successfully: NIFTY25SEP25100CE in 30minute interval
